<?xml version="1.0" encoding="UTF-8"?>
<!-- Generated by org.testng.reporters.JUnitXMLReporter -->
<testsuite hostname="Prakash" name="Test" tests="1" failures="1" timestamp="27 May 2021 04:37:27 GMT" time="0.077" errors="0">
  <testcase name="testExecurionFlow" time="0.027" classname="testClass.Testflow">
    <failure type="org.testng.TestNGException" message="
Can&amp;apos;t invoke public void testClass.Testflow.testExecurionFlow() throws java.net.MalformedURLException: either make it static or add a no-args constructor to your class">
      <![CDATA[org.testng.TestNGException: 
Can't invoke public void testClass.Testflow.testExecurionFlow() throws java.net.MalformedURLException: either make it static or add a no-args constructor to your class
	at java.util.concurrent.ThreadPoolExecutor.runWorker(Unknown Source)
	at java.util.concurrent.ThreadPoolExecutor$Worker.run(Unknown Source)
	at java.lang.Thread.run(Unknown Source)
... Removed 7 stack frames]]>
    </failure>
  </testcase> <!-- testExecurionFlow -->
</testsuite> <!-- Test -->
